Arguments: 
  /data/data/com.termux/files/usr/bin/node /data/data/com.termux/files/home/.yarn/bin/yarn.js publish

PATH: 
  /data/data/com.termux/files/home/.yarn/bin:/data/data/com.termux/files/usr/bin

Yarn version: 
  1.22.17

Node version: 
  17.4.0

Platform: 
  android arm64

Trace: 
  Error: canceled
      at Interface.<anonymous> (/data/data/com.termux/files/home/.yarn/lib/cli.js:137143:13)
      at Interface.emit (node:events:520:28)
      at Interface.[_ttyWrite] [as _ttyWrite] (node:internal/readline/interface:973:18)
      at ReadStream.onkeypress (node:internal/readline/interface:240:20)
      at ReadStream.emit (node:events:520:28)
      at emitKeys (node:internal/readline/utils:358:14)
      at emitKeys.next (<anonymous>)
      at ReadStream.onData (node:internal/readline/emitKeypressEvents:64:36)
      at ReadStream.emit (node:events:520:28)
      at addChunk (node:internal/streams/readable:324:12)

npm manifest: 
  {
    "name": "dynacard",
    "version": "1.0.1",
    "description": "Dynamic card for your react native app",
    "main": "src/index.js",
    "repository": "https://github.com/abass-dev/dynacard",
    "author": "AbassDev <abass@todaydevs.com> (https://todaydevs.com)",
    "license": "MIT",
    "scripts": {
      "test": "echo \"Error: no test specified\" && exit 1"
    },
    "keywords": [
      "react-native",
      "card",
      "dynacard"
    ],
    "bugs": {
      "url": "https://github.com/abass-dev/dynacard/issues"
    },
    "dependencies": {
      "react": "17.0.1",
      "react-dom": "17.0.1",
      "react-native": "0.64.3"
    },
    "peerDependencies": {
      "react": "^16.0.0-beta.5",
      "react-native": "^0.49.1"
    },
    "devDependencies": {
      "@babel/core": "^7.12.9"
    }
  }

yarn manifest: 
  No manifest

Lockfile: 
  No lockfile
